<?xml version="1.0" encoding="UTF-8"?>
<testsuite xmlns:xsi="http://www.w3.org/2001/XMLSchema-instance" xsi:noNamespaceSchemaLocation="https://maven.apache.org/surefire/maven-surefire-plugin/xsd/surefire-test-report.xsd" name="epf.AppTest" time="0.396" tests="1" errors="0" skipped="0" failures="0">
  <properties>
    <property name="java.specification.version" value="21"/>
    <property name="sun.cpu.isalist" value="amd64"/>
    <property name="sun.jnu.encoding" value="Cp1252"/>
    <property name="java.class.path" value="C:\Users\ROUBAUD Mathieu\Documents\EPF\4A\langage java\rentmanager\target\test-classes;C:\Users\ROUBAUD Mathieu\Documents\EPF\4A\langage java\rentmanager\target\classes;C:\Users\ROUBAUD Mathieu\.m2\repository\junit\junit\4.11\junit-4.11.jar;C:\Users\ROUBAUD Mathieu\.m2\repository\org\hamcrest\hamcrest-core\1.3\hamcrest-core-1.3.jar;C:\Users\ROUBAUD Mathieu\.m2\repository\com\h2database\h2\1.4.200\h2-1.4.200.jar;C:\Users\ROUBAUD Mathieu\.m2\repository\javax\servlet\javax.servlet-api\4.0.1\javax.servlet-api-4.0.1.jar;C:\Users\ROUBAUD Mathieu\.m2\repository\javax\annotation\javax.annotation-api\1.3.2\javax.annotation-api-1.3.2.jar;C:\Users\ROUBAUD Mathieu\.m2\repository\javax\servlet\jstl\1.2\jstl-1.2.jar;C:\Users\ROUBAUD Mathieu\.m2\repository\org\springframework\spring-context\5.1.6.RELEASE\spring-context-5.1.6.RELEASE.jar;C:\Users\ROUBAUD Mathieu\.m2\repository\org\springframework\spring-aop\5.1.6.RELEASE\spring-aop-5.1.6.RELEASE.jar;C:\Users\ROUBAUD Mathieu\.m2\repository\org\springframework\spring-beans\5.1.6.RELEASE\spring-beans-5.1.6.RELEASE.jar;C:\Users\ROUBAUD Mathieu\.m2\repository\org\springframework\spring-core\5.1.6.RELEASE\spring-core-5.1.6.RELEASE.jar;C:\Users\ROUBAUD Mathieu\.m2\repository\org\springframework\spring-jcl\5.1.6.RELEASE\spring-jcl-5.1.6.RELEASE.jar;C:\Users\ROUBAUD Mathieu\.m2\repository\org\springframework\spring-expression\5.1.6.RELEASE\spring-expression-5.1.6.RELEASE.jar;C:\Users\ROUBAUD Mathieu\.m2\repository\org\testng\testng\7.9.0\testng-7.9.0.jar;C:\Users\ROUBAUD Mathieu\.m2\repository\org\slf4j\slf4j-api\1.7.36\slf4j-api-1.7.36.jar;C:\Users\ROUBAUD Mathieu\.m2\repository\com\beust\jcommander\1.82\jcommander-1.82.jar;C:\Users\ROUBAUD Mathieu\.m2\repository\org\webjars\jquery\3.7.1\jquery-3.7.1.jar;C:\Users\ROUBAUD Mathieu\.m2\repository\org\springframework\spring-webmvc\5.1.6.RELEASE\spring-webmvc-5.1.6.RELEASE.jar;C:\Users\ROUBAUD Mathieu\.m2\repository\org\springframework\spring-web\5.1.6.RELEASE\spring-web-5.1.6.RELEASE.jar;"/>
    <property name="java.vm.vendor" value="Oracle Corporation"/>
    <property name="sun.arch.data.model" value="64"/>
    <property name="user.variant" value=""/>
    <property name="java.vendor.url" value="https://java.oracle.com/"/>
    <property name="user.timezone" value="Europe/Paris"/>
    <property name="os.name" value="Windows 11"/>
    <property name="java.vm.specification.version" value="21"/>
    <property name="sun.java.launcher" value="SUN_STANDARD"/>
    <property name="user.country" value="FR"/>
    <property name="sun.boot.library.path" value="C:\Users\ROUBAUD Mathieu\.jdks\openjdk-21.0.2\bin"/>
    <property name="sun.java.command" value="C:\Users\ROUBAU~1\AppData\Local\Temp\surefire14766259070062844122\surefirebooter206202235739292958.jar C:\Users\ROUBAUD Mathieu\AppData\Local\Temp\surefire14766259070062844122 2024-03-11T15-37-30_296-jvmRun1 surefire13438438626088234702tmp surefire_06566938912142971162tmp"/>
    <property name="jdk.debug" value="release"/>
    <property name="surefire.test.class.path" value="C:\Users\ROUBAUD Mathieu\Documents\EPF\4A\langage java\rentmanager\target\test-classes;C:\Users\ROUBAUD Mathieu\Documents\EPF\4A\langage java\rentmanager\target\classes;C:\Users\ROUBAUD Mathieu\.m2\repository\junit\junit\4.11\junit-4.11.jar;C:\Users\ROUBAUD Mathieu\.m2\repository\org\hamcrest\hamcrest-core\1.3\hamcrest-core-1.3.jar;C:\Users\ROUBAUD Mathieu\.m2\repository\com\h2database\h2\1.4.200\h2-1.4.200.jar;C:\Users\ROUBAUD Mathieu\.m2\repository\javax\servlet\javax.servlet-api\4.0.1\javax.servlet-api-4.0.1.jar;C:\Users\ROUBAUD Mathieu\.m2\repository\javax\annotation\javax.annotation-api\1.3.2\javax.annotation-api-1.3.2.jar;C:\Users\ROUBAUD Mathieu\.m2\repository\javax\servlet\jstl\1.2\jstl-1.2.jar;C:\Users\ROUBAUD Mathieu\.m2\repository\org\springframework\spring-context\5.1.6.RELEASE\spring-context-5.1.6.RELEASE.jar;C:\Users\ROUBAUD Mathieu\.m2\repository\org\springframework\spring-aop\5.1.6.RELEASE\spring-aop-5.1.6.RELEASE.jar;C:\Users\ROUBAUD Mathieu\.m2\repository\org\springframework\spring-beans\5.1.6.RELEASE\spring-beans-5.1.6.RELEASE.jar;C:\Users\ROUBAUD Mathieu\.m2\repository\org\springframework\spring-core\5.1.6.RELEASE\spring-core-5.1.6.RELEASE.jar;C:\Users\ROUBAUD Mathieu\.m2\repository\org\springframework\spring-jcl\5.1.6.RELEASE\spring-jcl-5.1.6.RELEASE.jar;C:\Users\ROUBAUD Mathieu\.m2\repository\org\springframework\spring-expression\5.1.6.RELEASE\spring-expression-5.1.6.RELEASE.jar;C:\Users\ROUBAUD Mathieu\.m2\repository\org\testng\testng\7.9.0\testng-7.9.0.jar;C:\Users\ROUBAUD Mathieu\.m2\repository\org\slf4j\slf4j-api\1.7.36\slf4j-api-1.7.36.jar;C:\Users\ROUBAUD Mathieu\.m2\repository\com\beust\jcommander\1.82\jcommander-1.82.jar;C:\Users\ROUBAUD Mathieu\.m2\repository\org\webjars\jquery\3.7.1\jquery-3.7.1.jar;C:\Users\ROUBAUD Mathieu\.m2\repository\org\springframework\spring-webmvc\5.1.6.RELEASE\spring-webmvc-5.1.6.RELEASE.jar;C:\Users\ROUBAUD Mathieu\.m2\repository\org\springframework\spring-web\5.1.6.RELEASE\spring-web-5.1.6.RELEASE.jar;"/>
    <property name="sun.cpu.endian" value="little"/>
    <property name="user.home" value="C:\Users\ROUBAUD Mathieu"/>
    <property name="user.language" value="fr"/>
    <property name="java.specification.vendor" value="Oracle Corporation"/>
    <property name="java.version.date" value="2024-01-16"/>
    <property name="java.home" value="C:\Users\ROUBAUD Mathieu\.jdks\openjdk-21.0.2"/>
    <property name="file.separator" value="\"/>
    <property name="basedir" value="C:\Users\ROUBAUD Mathieu\Documents\EPF\4A\langage java\rentmanager"/>
    <property name="java.vm.compressedOopsMode" value="Zero based"/>
    <property name="line.separator" value="&#10;"/>
    <property name="java.vm.specification.vendor" value="Oracle Corporation"/>
    <property name="java.specification.name" value="Java Platform API Specification"/>
    <property name="surefire.real.class.path" value="C:\Users\ROUBAU~1\AppData\Local\Temp\surefire14766259070062844122\surefirebooter206202235739292958.jar"/>
    <property name="user.script" value=""/>
    <property name="sun.management.compiler" value="HotSpot 64-Bit Tiered Compilers"/>
    <property name="java.runtime.version" value="21.0.2+13-58"/>
    <property name="user.name" value="ROUBAUD_Mathieu"/>
    <property name="stdout.encoding" value="Cp1252"/>
    <property name="path.separator" value=";"/>
    <property name="os.version" value="10.0"/>
    <property name="java.runtime.name" value="OpenJDK Runtime Environment"/>
    <property name="file.encoding" value="UTF-8"/>
    <property name="java.vm.name" value="OpenJDK 64-Bit Server VM"/>
    <property name="localRepository" value="C:\Users\ROUBAUD Mathieu\.m2\repository"/>
    <property name="java.vendor.url.bug" value="https://bugreport.java.com/bugreport/"/>
    <property name="java.io.tmpdir" value="C:\Users\ROUBAU~1\AppData\Local\Temp\"/>
    <property name="idea.version" value="2023.3.2"/>
    <property name="java.version" value="21.0.2"/>
    <property name="user.dir" value="C:\Users\ROUBAUD Mathieu\Documents\EPF\4A\langage java\rentmanager"/>
    <property name="os.arch" value="amd64"/>
    <property name="java.vm.specification.name" value="Java Virtual Machine Specification"/>
    <property name="sun.os.patch.level" value=""/>
    <property name="native.encoding" value="Cp1252"/>
    <property name="java.library.path" value="C:\Users\ROUBAUD Mathieu\.jdks\openjdk-21.0.2\bin;C:\WINDOWS\Sun\Java\bin;C:\WINDOWS\system32;C:\WINDOWS;C:\Python312\Scripts\;C:\Python312\;C:\Program Files\Simcenter\v1610_student\Amesim;C:\Program Files\Simcenter\v1610_student\Amesim\win64;C:\Program Files\Simcenter\v1610_student\Amesim\win32;C:\Program Files\Simcenter\v1610_student\Amesim\sys\mingw32\bin;C:\Program Files\Simcenter\v1610_student\Amesim\sys\python\win64;C:\Program Files\Common Files\Oracle\Java\javapath;C:\WINDOWS\system32;C:\WINDOWS;C:\WINDOWS\System32\Wbem;C:\WINDOWS\System32\WindowsPowerShell\v1.0\;C:\WINDOWS\System32\OpenSSH\;C:\Program Files\MATLAB\R2021b\bin;C:\Program Files\Git\cmd;C:\Program Files\Go\bin;C:\Program Files\Meld\;C:\Program Files\nodejs\;C:\ProgramData\chocolatey\bin;C:\Users\ROUBAUD Mathieu\AppData\Local\Microsoft\WindowsApps;C:\Users\ROUBAUD Mathieu\AppData\Local\GitHubDesktop\bin;C:\Users\ROUBAUD Mathieu\AppData\Local\Programs\Microsoft VS Code\bin;C:\Users\ROUBAUD Mathieu\go\bin;C:\Users\ROUBAUD Mathieu\AppData\Roaming\npm;."/>
    <property name="java.vm.info" value="mixed mode, sharing"/>
    <property name="stderr.encoding" value="Cp1252"/>
    <property name="java.vendor" value="Oracle Corporation"/>
    <property name="java.vm.version" value="21.0.2+13-58"/>
    <property name="sun.io.unicode.encoding" value="UnicodeLittle"/>
    <property name="java.class.version" value="65.0"/>
  </properties>
  <testcase name="shouldAnswerWithTrue on shouldAnswerWithTrue(epf.AppTest)" classname="epf.AppTest" time="0.004"/>
</testsuite>