<?xml version="1.0" encoding="UTF-8"?>
<!-- Generated by org.testng.reporters.JUnitReportReporter -->
<testsuite hostname="LAPTOP-C72M6G23" failures="0" tests="1" name="epf.AppTest" time="0.008" errors="0" timestamp="2024-03-11T15:37:32 CET" skipped="0">
  <testcase classname="epf.AppTest" name="shouldAnswerWithTrue" time="0.008"/>
</testsuite> <!-- epf.AppTest -->
